Flow report for ipm_ID1000500B_convolution_coprocessor
Sat May 18 19:45:58 2024
Quartus Prime Version 20.1.1 Build 720 11/11/2020 SJ Lite Edition


---------------------
; Table of Contents ;
---------------------
  1. Legal Notice
  2. Flow Summary
  3. Flow Settings
  4. Flow Non-Default Global Settings
  5. Flow Elapsed Time
  6. Flow OS Summary
  7. Flow Log
  8. Flow Messages
  9. Flow Suppressed Messages



----------------
; Legal Notice ;
----------------
Copyright (C) 2020  Intel Corporation. All rights reserved.
Your use of Intel Corporation's design tools, logic functions 
and other software and tools, and any partner logic 
functions, and any output files from any of the foregoing 
(including device programming or simulation files), and any 
associated documentation or information are expressly subject 
to the terms and conditions of the Intel Program License 
Subscription Agreement, the Intel Quartus Prime License Agreement,
the Intel FPGA IP License Agreement, or other applicable license
agreement, including, without limitation, that your use is for
the sole purpose of programming logic devices manufactured by
Intel and sold by Intel or its authorized distributors.  Please
refer to the applicable agreement for further details, at
https://fpgasoftware.intel.com/eula.



+-------------------------------------------------------------------------------+
; Flow Summary                                                                  ;
+---------------------------------+---------------------------------------------+
; Flow Status                     ; Successful - Sat May 18 19:45:58 2024       ;
; Quartus Prime Version           ; 20.1.1 Build 720 11/11/2020 SJ Lite Edition ;
; Revision Name                   ; ipm_ID1000500B_convolution_coprocessor      ;
; Top-level Entity Name           ; ipm_ID1000500B_convolution_coprocessor      ;
; Family                          ; Cyclone V                                   ;
; Device                          ; 5CSEMA5F31C6                                ;
; Timing Models                   ; Final                                       ;
; Logic utilization (in ALMs)     ; 101 / 32,070 ( < 1 % )                      ;
; Total registers                 ; 193                                         ;
; Total pins                      ; 18 / 457 ( 4 % )                            ;
; Total virtual pins              ; 0                                           ;
; Total block memory bits         ; 1,280 / 4,065,280 ( < 1 % )                 ;
; Total DSP Blocks                ; 1 / 87 ( 1 % )                              ;
; Total HSSI RX PCSs              ; 0                                           ;
; Total HSSI PMA RX Deserializers ; 0                                           ;
; Total HSSI TX PCSs              ; 0                                           ;
; Total HSSI PMA TX Serializers   ; 0                                           ;
; Total PLLs                      ; 0 / 6 ( 0 % )                               ;
; Total DLLs                      ; 0 / 4 ( 0 % )                               ;
+---------------------------------+---------------------------------------------+


+------------------------------------------------------------+
; Flow Settings                                              ;
+-------------------+----------------------------------------+
; Option            ; Setting                                ;
+-------------------+----------------------------------------+
; Start date & time ; 05/18/2024 19:44:37                    ;
; Main task         ; Compilation                            ;
; Revision Name     ; ipm_ID1000500B_convolution_coprocessor ;
+-------------------+----------------------------------------+


+--------------------------------------------------------------------------------------------------------------------------------------------------------------+
; Flow Non-Default Global Settings                                                                                                                             ;
+--------------------------------------+-----------------------------------------------------+---------------+-------------+-----------------------------------+
; Assignment Name                      ; Value                                               ; Default Value ; Entity Name ; Section Id                        ;
+--------------------------------------+-----------------------------------------------------+---------------+-------------+-----------------------------------+
; COMPILER_SIGNATURE_ID                ; 141361125699565.171608307719012                     ; --            ; --          ; --                                ;
; EDA_DESIGN_INSTANCE_NAME             ; NA                                                  ; --            ; --          ; convolution_coprocessor_TB        ;
; EDA_GENERATE_FUNCTIONAL_NETLIST      ; Off                                                 ; --            ; --          ; eda_board_design_timing           ;
; EDA_GENERATE_FUNCTIONAL_NETLIST      ; Off                                                 ; --            ; --          ; eda_board_design_boundary_scan    ;
; EDA_GENERATE_FUNCTIONAL_NETLIST      ; Off                                                 ; --            ; --          ; eda_board_design_signal_integrity ;
; EDA_GENERATE_FUNCTIONAL_NETLIST      ; Off                                                 ; --            ; --          ; eda_board_design_symbol           ;
; EDA_NATIVELINK_SIMULATION_TEST_BENCH ; convolution_coprocessor_TB                          ; --            ; --          ; eda_simulation                    ;
; EDA_OUTPUT_DATA_FORMAT               ; Systemverilog Hdl                                   ; --            ; --          ; eda_simulation                    ;
; EDA_SIMULATION_TOOL                  ; ModelSim-Altera (SystemVerilog)                     ; <None>        ; --          ; --                                ;
; EDA_TEST_BENCH_ENABLE_STATUS         ; TEST_BENCH_MODE                                     ; --            ; --          ; eda_simulation                    ;
; EDA_TEST_BENCH_FILE                  ; ../simulation/convolution_coprocessor_TB.sv         ; --            ; --          ; convolution_coprocessor_TB        ;
; EDA_TEST_BENCH_FILE                  ; ../simulation/simple_dual_port_ram_single_clk_sv.sv ; --            ; --          ; convolution_coprocessor_TB        ;
; EDA_TEST_BENCH_MODULE_NAME           ; convolution_coprocessor_TB                          ; --            ; --          ; convolution_coprocessor_TB        ;
; EDA_TEST_BENCH_NAME                  ; convolution_coprocessor_TB                          ; --            ; --          ; eda_simulation                    ;
; EDA_TEST_BENCH_RUN_SIM_FOR           ; 10 ns                                               ; --            ; --          ; convolution_coprocessor_TB        ;
; EDA_TIME_SCALE                       ; 1 ps                                                ; --            ; --          ; eda_simulation                    ;
; MAX_CORE_JUNCTION_TEMP               ; 85                                                  ; --            ; --          ; --                                ;
; MIN_CORE_JUNCTION_TEMP               ; 0                                                   ; --            ; --          ; --                                ;
; PARTITION_COLOR                      ; -- (Not supported for targeted family)              ; --            ; --          ; Top                               ;
; PARTITION_FITTER_PRESERVATION_LEVEL  ; -- (Not supported for targeted family)              ; --            ; --          ; Top                               ;
; PARTITION_NETLIST_TYPE               ; -- (Not supported for targeted family)              ; --            ; --          ; Top                               ;
; POWER_BOARD_THERMAL_MODEL            ; None (CONSERVATIVE)                                 ; --            ; --          ; --                                ;
; POWER_PRESET_COOLING_SOLUTION        ; 23 MM HEAT SINK WITH 200 LFPM AIRFLOW               ; --            ; --          ; --                                ;
; PROJECT_OUTPUT_DIRECTORY             ; output_files                                        ; --            ; --          ; --                                ;
+--------------------------------------+-----------------------------------------------------+---------------+-------------+-----------------------------------+


+--------------------------------------------------------------------------------------------------------------------------+
; Flow Elapsed Time                                                                                                        ;
+----------------------+--------------+-------------------------+---------------------+------------------------------------+
; Module Name          ; Elapsed Time ; Average Processors Used ; Peak Virtual Memory ; Total CPU Time (on all processors) ;
+----------------------+--------------+-------------------------+---------------------+------------------------------------+
; Analysis & Synthesis ; 00:00:11     ; 1.0                     ; 498 MB              ; 00:00:29                           ;
; Fitter               ; 00:00:52     ; 1.0                     ; 1885 MB             ; 00:01:48                           ;
; Assembler            ; 00:00:07     ; 1.0                     ; 509 MB              ; 00:00:07                           ;
; Timing Analyzer      ; 00:00:06     ; 1.2                     ; 845 MB              ; 00:00:06                           ;
; EDA Netlist Writer   ; 00:00:01     ; 1.0                     ; 684 MB              ; 00:00:01                           ;
; Total                ; 00:01:17     ; --                      ; --                  ; 00:02:31                           ;
+----------------------+--------------+-------------------------+---------------------+------------------------------------+


+----------------------------------------------------------------------------------------+
; Flow OS Summary                                                                        ;
+----------------------+------------------+----------------+------------+----------------+
; Module Name          ; Machine Hostname ; OS Name        ; OS Version ; Processor type ;
+----------------------+------------------+----------------+------------+----------------+
; Analysis & Synthesis ; Jos              ; Ubuntu 20.04.6 ; 20         ; x86_64         ;
; Fitter               ; Jos              ; Ubuntu 20.04.6 ; 20         ; x86_64         ;
; Assembler            ; Jos              ; Ubuntu 20.04.6 ; 20         ; x86_64         ;
; Timing Analyzer      ; Jos              ; Ubuntu 20.04.6 ; 20         ; x86_64         ;
; EDA Netlist Writer   ; Jos              ; Ubuntu 20.04.6 ; 20         ; x86_64         ;
+----------------------+------------------+----------------+------------+----------------+


------------
; Flow Log ;
------------
quartus_map --read_settings_files=on --write_settings_files=off ipm_ID1000500B_convolution_coprocessor -c ipm_ID1000500B_convolution_coprocessor
quartus_fit --read_settings_files=off --write_settings_files=off ipm_ID1000500B_convolution_coprocessor -c ipm_ID1000500B_convolution_coprocessor
quartus_asm --read_settings_files=off --write_settings_files=off ipm_ID1000500B_convolution_coprocessor -c ipm_ID1000500B_convolution_coprocessor
quartus_sta ipm_ID1000500B_convolution_coprocessor -c ipm_ID1000500B_convolution_coprocessor
quartus_eda --read_settings_files=off --write_settings_files=off ipm_ID1000500B_convolution_coprocessor -c ipm_ID1000500B_convolution_coprocessor



